2017-05-01 00:05:56 u88166648 zcXhLf-1d693g0Me4-003Piy |< -- /usr/sbin/sendmail -i -FCronDaemon -B8BITMIME -oem u88166648
2017-05-01 00:05:56 u88166648 zcXhLf-1d693g0Me4-003Piy WW ignored command line option -B
2017-05-01 01:05:58 u88166648 zcN5HG-1dUbI33hFl-00Roxi |< -- /usr/sbin/sendmail -i -FCronDaemon -B8BITMIME -oem u88166648
2017-05-01 01:05:58 u88166648 zcN5HG-1dUbI33hFl-00Roxi WW ignored command line option -B
2017-05-01 02:05:51 u88166648 zcGASp-1dNiLL1CH6-00KxXe |< -- /usr/sbin/sendmail -i -FCronDaemon -B8BITMIME -oem u88166648
2017-05-01 02:05:51 u88166648 zcGASp-1dNiLL1CH6-00KxXe WW ignored command line option -B
2017-05-01 03:05:59 u88166648 zcDhcm-1dLEg42aJj-00Jalt |< -- /usr/sbin/sendmail -i -FCronDaemon -B8BITMIME -oem u88166648
2017-05-01 03:05:59 u88166648 zcDhcm-1dLEg42aJj-00Jalt WW ignored command line option -B
2017-05-01 04:05:58 u88166648 zcZ6Ok-1d9nJH21bd-004iwO |< -- /usr/sbin/sendmail -i -FCronDaemon -B8BITMIME -oem u88166648
2017-05-01 04:05:58 u88166648 zcZ6Ok-1d9nJH21bd-004iwO WW ignored command line option -B
2017-05-01 05:06:00 u88166648 zdGzr5-1drKBc0frs-00mSUG |< -- /usr/sbin/sendmail -i -FCronDaemon -B8BITMIME -oem u88166648
2017-05-01 05:06:00 u88166648 zdGzr5-1drKBc0frs-00mSUG WW ignored command line option -B
2017-05-01 06:05:51 u88166648 zd3TKe-1dde5E4AMd-00aDeU |< -- /usr/sbin/sendmail -i -FCronDaemon -B8BITMIME -oem u88166648
2017-05-01 06:05:51 u88166648 zd3TKe-1dde5E4AMd-00aDeU WW ignored command line option -B
2017-05-01 07:05:56 u88166648 zcjqxb-1dKZUi034q-00FRdo |< -- /usr/sbin/sendmail -i -FCronDaemon -B8BITMIME -oem u88166648
2017-05-01 07:05:56 u88166648 zcjqxb-1dKZUi034q-00FRdo WW ignored command line option -B
2017-05-01 08:05:55 u88166648 zdBivy-1djkAp4Bu1-00hBmk |< -- /usr/sbin/sendmail -i -FCronDaemon -B8BITMIME -oem u88166648
2017-05-01 08:05:55 u88166648 zdBivy-1djkAp4Bu1-00hBmk WW ignored command line option -B
2017-05-01 09:05:56 u88166648 zcum8S-1e47Oh1KRH-010be5 |< -- /usr/sbin/sendmail -i -FCronDaemon -B8BITMIME -oem u88166648
2017-05-01 09:05:56 u88166648 zcum8S-1e47Oh1KRH-010be5 WW ignored command line option -B
2017-05-01 10:05:57 u88166648 zcuC38-1e1JQe1Rtd-00yvlj |< -- /usr/sbin/sendmail -i -FCronDaemon -B8BITMIME -oem u88166648
2017-05-01 10:05:57 u88166648 zcuC38-1e1JQe1Rtd-00yvlj WW ignored command line option -B
2017-05-01 11:06:02 u88166648 zdEUsO-1dojzt0Jgp-00lAys |< -- /usr/sbin/sendmail -i -FCronDaemon -B8BITMIME -oem u88166648
2017-05-01 11:06:02 u88166648 zdEUsO-1dojzt0Jgp-00lAys WW ignored command line option -B
2017-05-01 12:06:08 u88166648 zcogGk-1dy0Jl3zar-00tQFx |< -- /usr/sbin/sendmail -i -FCronDaemon -B8BITMIME -oem u88166648
2017-05-01 12:06:08 u88166648 zcogGk-1dy0Jl3zar-00tQFx WW ignored command line option -B
2017-05-01 13:06:07 u88166648 zcMoIN-1dUR7T21tU-00RakQ |< -- /usr/sbin/sendmail -i -FCronDaemon -B8BITMIME -oem u88166648
2017-05-01 13:06:07 u88166648 zcMoIN-1dUR7T21tU-00RakQ WW ignored command line option -B
2017-05-01 14:06:19 u88166648 zclfSv-1dvZRx2xBy-00rVwY |< -- /usr/sbin/sendmail -i -FCronDaemon -B8BITMIME -oem u88166648
2017-05-01 14:06:19 u88166648 zclfSv-1dvZRx2xBy-00rVwY WW ignored command line option -B
2017-05-01 15:06:05 u88166648 zciD4D-1dGrV52W3C-00EsDr |< -- /usr/sbin/sendmail -i -FCronDaemon -B8BITMIME -oem u88166648
2017-05-01 15:06:05 u88166648 zciD4D-1dGrV52W3C-00EsDr WW ignored command line option -B
