2017-03-27 00:05:46 u88166648 zcMoIN-1ckkhC2pZk-00RWrZ |< -- /usr/sbin/sendmail -i -FCronDaemon -B8BITMIME -oem u88166648
2017-03-27 00:05:46 u88166648 zcMoIN-1ckkhC2pZk-00RWrZ WW ignored command line option -B
2017-03-27 01:05:49 u88166648 zd3CLl-1cJaGN3nSE-00Zz5A |< -- /usr/sbin/sendmail -i -FCronDaemon -B8BITMIME -oem u88166648
2017-03-27 01:05:49 u88166648 zd3CLl-1cJaGN3nSE-00Zz5A WW ignored command line option -B
2017-03-27 02:05:43 u88166648 zcWsP0-1cqRqQ2C3l-002UCQ |< -- /usr/sbin/sendmail -i -FCronDaemon -B8BITMIME -oem u88166648
2017-03-27 02:05:43 u88166648 zcWsP0-1cqRqQ2C3l-002UCQ WW ignored command line option -B
2017-03-27 03:05:42 u88166648 zcWKRA-1cr10n4Arj-0036HS |< -- /usr/sbin/sendmail -i -FCronDaemon -B8BITMIME -oem u88166648
2017-03-27 03:05:42 u88166648 zcWKRA-1cr10n4Arj-0036HS WW ignored command line option -B
2017-03-27 04:05:43 u88166648 zcXhLf-1crJjH0GeS-003QQu |< -- /usr/sbin/sendmail -i -FCronDaemon -B8BITMIME -oem u88166648
2017-03-27 04:05:43 u88166648 zcXhLf-1crJjH0GeS-003QQu WW ignored command line option -B
2017-03-27 05:05:49 u88166648 zcLAOz-1ck96d2BDW-00R4DR |< -- /usr/sbin/sendmail -i -FCronDaemon -B8BITMIME -oem u88166648
2017-03-27 05:05:49 u88166648 zcLAOz-1ck96d2BDW-00R4DR WW ignored command line option -B
2017-03-27 06:05:41 u88166648 zcQ8Df-1cf9pF0yAK-00UocA |< -- /usr/sbin/sendmail -i -FCronDaemon -B8BITMIME -oem u88166648
2017-03-27 06:05:41 u88166648 zcQ8Df-1cf9pF0yAK-00UocA WW ignored command line option -B
2017-03-27 07:05:54 u88166648 zcTgzC-1ceKPH2pyv-00YUhi |< -- /usr/sbin/sendmail -i -FCronDaemon -B8BITMIME -oem u88166648
2017-03-27 07:05:54 u88166648 zcTgzC-1ceKPH2pyv-00YUhi WW ignored command line option -B
2017-03-27 08:05:49 u88166648 zd8R9K-1cEl000JkX-00e8jZ |< -- /usr/sbin/sendmail -i -FCronDaemon -B8BITMIME -oem u88166648
2017-03-27 08:05:49 u88166648 zd8R9K-1cEl000JkX-00e8jZ WW ignored command line option -B
2017-03-27 09:05:52 u88166648 zcdnDN-1d2xvS0bIs-00ASTS |< -- /usr/sbin/sendmail -i -FCronDaemon -B8BITMIME -oem u88166648
2017-03-27 09:05:52 u88166648 zcdnDN-1d2xvS0bIs-00ASTS WW ignored command line option -B
2017-03-27 10:05:54 u88166648 zd2Tlw-1c5UoH0TZH-018EBW |< -- /usr/sbin/sendmail -i -FCronDaemon -B8BITMIME -oem u88166648
2017-03-27 10:05:54 u88166648 zd2Tlw-1c5UoH0TZH-018EBW WW ignored command line option -B
2017-03-27 11:06:00 u88166648 zcCbhE-1cbGJf1emB-00ISJE |< -- /usr/sbin/sendmail -i -FCronDaemon -B8BITMIME -oem u88166648
2017-03-27 11:06:00 u88166648 zcCbhE-1cbGJf1emB-00ISJE WW ignored command line option -B
2017-03-27 12:05:49 u88166648 zcIfRS-1cXPtQ2tQz-00NVBK |< -- /usr/sbin/sendmail -i -FCronDaemon -B8BITMIME -oem u88166648
2017-03-27 12:05:49 u88166648 zcIfRS-1cXPtQ2tQz-00NVBK WW ignored command line option -B
2017-03-27 13:05:49 u88166648 zdDwug-1cT91E1tif-00jX26 |< -- /usr/sbin/sendmail -i -FCronDaemon -B8BITMIME -oem u88166648
2017-03-27 13:05:49 u88166648 zdDwug-1cT91E1tif-00jX26 WW ignored command line option -B
2017-03-27 14:05:47 u88166648 zchw5O-1cwhsQ0n1l-00DUo6 |< -- /usr/sbin/sendmail -i -FCronDaemon -B8BITMIME -oem u88166648
2017-03-27 14:05:47 u88166648 zchw5O-1cwhsQ0n1l-00DUo6 WW ignored command line option -B
2017-03-27 15:05:52 u88166648 zcMGKX-1clKSM17Ly-00SAON |< -- /usr/sbin/sendmail -i -FCronDaemon -B8BITMIME -oem u88166648
2017-03-27 15:05:52 u88166648 zcMGKX-1clKSM17Ly-00SAON WW ignored command line option -B
2017-03-27 16:05:52 u88166648 zdD7xx-1cTxFW0QY2-00jstF |< -- /usr/sbin/sendmail -i -FCronDaemon -B8BITMIME -oem u88166648
2017-03-27 16:05:52 u88166648 zdD7xx-1cTxFW0QY2-00jstF WW ignored command line option -B
2017-03-27 17:05:01 u88166648 zcYpPr-1coBy91xLM-004TKK |< -- /usr/sbin/sendmail -i -FCronDaemon -B8BITMIME -oem u88166648
2017-03-27 17:05:01 u88166648 zcYpPr-1coBy91xLM-004TKK WW ignored command line option -B
2017-03-27 18:05:39 u88166648 zdAtzF-1cELT326RC-00he2t |< -- /usr/sbin/sendmail -i -FCronDaemon -B8BITMIME -oem u88166648
2017-03-27 18:05:39 u88166648 zdAtzF-1cELT326RC-00he2t WW ignored command line option -B
2017-03-27 19:05:40 u88166648 zcZNNZ-1cpsHq2Uyc-0066lr |< -- /usr/sbin/sendmail -i -FCronDaemon -B8BITMIME -oem u88166648
2017-03-27 19:05:40 u88166648 zcZNNZ-1cpsHq2Uyc-0066lr WW ignored command line option -B
2017-03-27 20:05:50 u88166648 zcquGU-1bx8Ep3T1t-00vjpV |< -- /usr/sbin/sendmail -i -FCronDaemon -B8BITMIME -oem u88166648
2017-03-27 20:05:50 u88166648 zcquGU-1bx8Ep3T1t-00vjpV WW ignored command line option -B
2017-03-27 21:05:42 u88166648 zcXQMi-1crqdF0GS7-0048Hd |< -- /usr/sbin/sendmail -i -FCronDaemon -B8BITMIME -oem u88166648
2017-03-27 21:05:42 u88166648 zcXQMi-1crqdF0GS7-0048Hd WW ignored command line option -B
